I[2020-04-23|17:03:55.634] ✔ [wowlol]@{37} - msg(0:transfer,1:transfer) hash(E32A924267B66188D0D4D0D70F13FEBAE0AFE6F5471764CA91194A1B25287AB5) 
2020/04/23 17:03:55 transfer sent
I[2020-04-23|17:04:04.676] ✔ [lolchain]@{32} - msg(0:update_client,1:ics04/opaque,2:ics04/opaque) hash(A34422FF1709F82DC114F9760DAA9C1FB4020ADEDFD78037FDED8A28C4A47CB9) 
2020/04/23 17:04:04 transfer received
I[2020-04-23|17:04:05.644] ✔ [wowlol]@{39} - msg(0:transfer,1:transfer) hash(724264322C68913D4C4F4332DBBB2A7C40505B20F0E51AD87C20C30ADF0D8551) 
2020/04/23 17:04:05 transfer sent
I[2020-04-23|17:04:14.724] ✔ [lolchain]@{34} - msg(0:update_client,1:ics04/opaque,2:ics04/opaque) hash(FBE6E5924197DD4858031E74DDC337DE1D97502CB3942098ADBBAAB5D28B43AE) 
2020/04/23 17:04:14 transfer received
I[2020-04-23|17:04:15.736] ✔ [wowlol]@{41} - msg(0:transfer,1:transfer) hash(36AE9F996B9CD388CB01BF609AFD900F987C110157FA4FCF21C84BF0AAB65797) 
2020/04/23 17:04:15 transfer sent
I[2020-04-23|17:04:24.747] ✔ [lolchain]@{36} - msg(0:update_client,1:ics04/opaque,2:ics04/opaque) hash(46493962F2623532109707CCB237861884EC616121ADD232631DC4D0D3C8D085) 
2020/04/23 17:04:24 transfer received
I[2020-04-23|17:04:25.874] ✔ [wowlol]@{43} - msg(0:transfer,1:transfer) hash(C949ECEFC175B85F9CC23C5AE61156A121120EB4B9D66FC143B2E122CFE8C3CE) 
2020/04/23 17:04:25 transfer sent
I[2020-04-23|17:04:34.782] ✔ [lolchain]@{38} - msg(0:update_client,1:ics04/opaque,2:ics04/opaque) hash(4787B4AECA7A9EB6F60561244339D450494F7D4A1DECBA43C72B861B5D9BFA73) 
2020/04/23 17:04:34 transfer received
I[2020-04-23|17:04:35.808] ✔ [wowlol]@{45} - msg(0:transfer,1:transfer) hash(906E91C287DBFAEBD09F130BE11B9D96EBBD7166CAB3E07EFD55E0B8A5551ACB) 
2020/04/23 17:04:35 transfer sent
I[2020-04-23|17:04:44.713] ✔ [lolchain]@{40} - msg(0:update_client,1:ics04/opaque,2:ics04/opaque) hash(A4AAED680756B58963C8807C346ED46D719A286D8DEA2C827F5B5CCDE650E3F0) 
2020/04/23 17:04:44 transfer received
I[2020-04-23|17:04:45.957] ✔ [wowlol]@{47} - msg(0:transfer,1:transfer) hash(D9D94201743F7A353D563C5044B83D6BC6E3E7AD35FAFC7513A50FCA617DFE2B) 
2020/04/23 17:04:45 transfer sent
I[2020-04-23|17:04:54.768] ✔ [lolchain]@{42} - msg(0:update_client,1:ics04/opaque,2:ics04/opaque) hash(CDB799F01FAB9A1DB15CE7FFA8C1510939415C1E70B3143AEFD6A967F8611FF3) 
2020/04/23 17:04:54 transfer received
I[2020-04-23|17:04:55.987] ✔ [wowlol]@{49} - msg(0:transfer,1:transfer) hash(C85D5D9FBFFE1D358CD1ECA4AB3665A22E67DB8A3722745894888FC36E17BBC6) 
2020/04/23 17:04:55 transfer sent
I[2020-04-23|17:05:04.784] ✔ [lolchain]@{44} - msg(0:update_client,1:ics04/opaque,2:ics04/opaque) hash(ECFED5648CD935FF60CDF6CA70568871957AA21F998BE6A779A4D0B4D5CA63CF) 
2020/04/23 17:05:04 transfer received
I[2020-04-23|17:05:05.988] ✔ [wowlol]@{51} - msg(0:transfer,1:transfer) hash(720A48493C6EBDA26C221ABBF45160C5B9D3071F39C0D879C96CFC7E2C32F3F9) 
2020/04/23 17:05:05 transfer sent
I[2020-04-23|17:05:14.820] ✔ [lolchain]@{46} - msg(0:update_client,1:ics04/opaque,2:ics04/opaque) hash(196547C49D112451741DC02C7BA9D41EC2C35783959B624305745295B99EB02D) 
2020/04/23 17:05:14 transfer received
I[2020-04-23|17:05:16.051] ✔ [wowlol]@{53} - msg(0:transfer,1:transfer) hash(D99E1E5786CAD8E97B8DE412DFF7537F7AEA1C686FE4FD84256E36995D7093A7) 
2020/04/23 17:05:16 transfer sent
I[2020-04-23|17:05:24.974] ✔ [lolchain]@{48} - msg(0:update_client,1:ics04/opaque,2:ics04/opaque) hash(56762DF45EB9B3058330D4D608DF055066588F5D6C13B6B3F82374479C48CD07) 
2020/04/23 17:05:24 transfer received
I[2020-04-23|17:05:26.138] ✔ [wowlol]@{55} - msg(0:transfer,1:transfer) hash(9B077B40E5FDDAE8FF5B72BB874ADBF0A12A93E593F28FF0C50667D825CE3318) 
2020/04/23 17:05:26 transfer sent
I[2020-04-23|17:05:34.867] ✔ [lolchain]@{50} - msg(0:update_client,1:ics04/opaque,2:ics04/opaque) hash(7FFF594E22216C10922320053D444E91750F3D8BEAE7B3FEA0AB53469F302C84) 
2020/04/23 17:05:34 transfer received
I[2020-04-23|17:05:36.223] ✔ [wowlol]@{57} - msg(0:transfer,1:transfer) hash(49F845AD94D2C133B27295F3ABCEF62BCD014CEF6B0805E6124B961766729630) 
2020/04/23 17:05:36 transfer sent
I[2020-04-23|17:05:50.040] ✔ [lolchain]@{53} - msg(0:update_client,1:ics04/opaque,2:ics04/opaque) hash(8CA00E67575892A1CAA707C64BE4358E5EBCD7DC89752D146AB27FD8A9984184) 
2020/04/23 17:05:50 transfer received
I[2020-04-23|17:05:51.196] ✔ [wowlol]@{60} - msg(0:transfer,1:transfer) hash(FBC130DF70A3C3E4AC0D9B2D1004D115AE34C157B01AC12BF773CA0A9CA94174) 
2020/04/23 17:05:51 transfer sent
I[2020-04-23|17:05:59.953] ✔ [lolchain]@{55} - msg(0:update_client,1:ics04/opaque,2:ics04/opaque) hash(735A69C34B5A58FBFE47599FA9710589DB28BAB87986D9E29D7EC9D6596383FB) 
2020/04/23 17:05:59 transfer received
I[2020-04-23|17:06:01.237] ✔ [wowlol]@{62} - msg(0:transfer,1:transfer) hash(3C9EC039826119BF6E8D6A3CF71D7C59A2DCC68D1C9C346819F2FDC69A710BF1) 
2020/04/23 17:06:01 transfer sent
I[2020-04-23|17:06:09.989] ✔ [lolchain]@{57} - msg(0:update_client,1:ics04/opaque,2:ics04/opaque) hash(3B9494BEB4F8FC0A1E74536875FA22366AA0CE2945CB028F78A223F218828F6E) 
2020/04/23 17:06:09 transfer received
I[2020-04-23|17:06:11.346] ✔ [wowlol]@{64} - msg(0:transfer,1:transfer) hash(FC4B5C3C7082EA86DF0677EABF85DABC07DE12AE31AB5CACFE018A504144ACB5) 
2020/04/23 17:06:11 transfer sent
I[2020-04-23|17:06:20.148] ✔ [lolchain]@{59} - msg(0:update_client,1:ics04/opaque,2:ics04/opaque) hash(3771247C7207D311E525A79D4845588C3D93622041DAD9473439812500F37555) 
2020/04/23 17:06:20 transfer received
I[2020-04-23|17:06:21.381] ✔ [wowlol]@{66} - msg(0:transfer,1:transfer) hash(D957323363B43CDBAECD3BCCA19F4DA7FA8F1951C8BFD7726C99A0A629B9F409) 
2020/04/23 17:06:21 transfer sent
I[2020-04-23|17:06:30.187] ✔ [lolchain]@{61} - msg(0:update_client,1:ics04/opaque,2:ics04/opaque) hash(D034925279C1B54DB2AC0AC71B8BC9A35C2278CFFF7B5011C451F72CF4C49FBD) 
2020/04/23 17:06:30 transfer received
I[2020-04-23|17:06:31.391] ✔ [wowlol]@{68} - msg(0:transfer,1:transfer) hash(722FFF0C41458D7A9351BE27BAB7BF7BF166AE42B51B6E59F2807A5866D27FE0) 
2020/04/23 17:06:31 transfer sent
I[2020-04-23|17:06:40.222] ✔ [lolchain]@{63} - msg(0:update_client,1:ics04/opaque,2:ics04/opaque) hash(FFADB83EC106CB8AE0DC395509337B6C4FD146C63EB41E0667DF2850D32A95CD) 
2020/04/23 17:06:40 transfer received
I[2020-04-23|17:06:41.559] ✔ [wowlol]@{70} - msg(0:transfer,1:transfer) hash(AF0FCA1F703C5FA3C939B279B21FDC352580B8905432556766367F49E3F57631) 
2020/04/23 17:06:41 transfer sent
I[2020-04-23|17:06:50.124] ✔ [lolchain]@{65} - msg(0:update_client,1:ics04/opaque,2:ics04/opaque) hash(C9D9145FB22B2D2579093E3880E01D0EEE8E62A5D2F2A66FA7F78086DBD00B84) 
2020/04/23 17:06:50 transfer received
I[2020-04-23|17:06:51.590] ✔ [wowlol]@{72} - msg(0:transfer,1:transfer) hash(AE63DFC33B013E65A89053293A44F83CF9BE3881B84739A0DBDCFAFC4FDE321E) 
2020/04/23 17:06:51 transfer sent
I[2020-04-23|17:07:00.196] ✔ [lolchain]@{67} - msg(0:update_client,1:ics04/opaque,2:ics04/opaque) hash(E9D4B32028E318755B16723B5B7018EB0FC8EB90F7A12B1F91D79945EAE8C84E) 
2020/04/23 17:07:00 transfer received
I[2020-04-23|17:07:01.727] ✔ [wowlol]@{74} - msg(0:transfer,1:transfer) hash(3409EFF19968604C10DA5BD6CEFA61261D415706A62EBF7A3BA76FA48DB2C87A) 
2020/04/23 17:07:01 transfer sent
I[2020-04-23|17:07:10.223] ✔ [lolchain]@{69} - msg(0:update_client,1:ics04/opaque,2:ics04/opaque) hash(681A1B73B9CA9E9FC01DF977A5405A16CD363BA84469B9532E3488297F53AE29) 
2020/04/23 17:07:10 transfer received
I[2020-04-23|17:07:11.629] ✔ [wowlol]@{76} - msg(0:transfer,1:transfer) hash(CF338CB5B1163B96A32F5778CF201E2B8A92AA31D6DD4B48D4DA99EC534D1036) 
2020/04/23 17:07:11 transfer sent
I[2020-04-23|17:07:20.208] ✔ [lolchain]@{71} - msg(0:update_client,1:ics04/opaque,2:ics04/opaque) hash(E1D47EEA228E350C2BF78A2C29165D8AD8620C537F47F6C8AEE7280DEF8996E1) 
2020/04/23 17:07:20 transfer received
I[2020-04-23|17:07:21.796] ✔ [wowlol]@{78} - msg(0:transfer,1:transfer) hash(F197592B7A038435B2F8416890C8CDB8CD835D73779733CFA56CBC0A7BF048F0) 
2020/04/23 17:07:21 transfer sent
I[2020-04-23|17:07:30.295] ✔ [lolchain]@{73} - msg(0:update_client,1:ics04/opaque,2:ics04/opaque) hash(AA2110EB20628174820AD895FD062808B8AF54C67CEA0DD709A683F373DCB04B) 
2020/04/23 17:07:30 transfer received
I[2020-04-23|17:07:31.737] ✔ [wowlol]@{80} - msg(0:transfer,1:transfer) hash(1E6D4EA7F70C6CC101523B83894A05861EAC5135039032FDB5EC92B0B911CF74) 
2020/04/23 17:07:31 transfer sent
I[2020-04-23|17:07:45.352] ✔ [lolchain]@{76} - msg(0:update_client,1:ics04/opaque,2:ics04/opaque) hash(25C1E4CE6BE5AC055452D740421F3DFDBC4F80D57FCCB2E5815FCFA78995853D) 
2020/04/23 17:07:45 transfer received
I[2020-04-23|17:07:46.818] ✔ [wowlol]@{83} - msg(0:transfer,1:transfer) hash(D81433D66286D867B7FFCAC0744CA1C36E6CEB0521E19BDA20366C97DE77E970) 
2020/04/23 17:07:46 transfer sent
I[2020-04-23|17:07:55.389] ✔ [lolchain]@{78} - msg(0:update_client,1:ics04/opaque,2:ics04/opaque) hash(80BBE775EAD8BD419A6179C67F3EE9EF5F05CE02B2C8A83C2CF2503F8DBCD7A7) 
2020/04/23 17:07:55 transfer received
I[2020-04-23|17:07:56.934] ✔ [wowlol]@{85} - msg(0:transfer,1:transfer) hash(13F6E4E6136B04E6B4F19D9A3EFD4A0603E1C4C7F96C22615872118B3C7E425D) 
2020/04/23 17:07:56 transfer sent
